{"sessionId": "e3d87a", "runId": "pre-fix", "hypothesisId": "H_GEOM_LOOKUP", "location": "api/ifc_route.py:get_ifc_geometry", "message": "Resolved IFC path for geometry", "data": {"projectId": "PRJ-03439D40", "path": "PRJ-03439D40_DOC-6H4DK0.ifc"}, "timestamp": 1774023123152}
{"sessionId": "e3d87a", "runId": "pre-fix", "hypothesisId": "H_GEOM_LOOKUP", "location": "api/ifc_route.py:get_ifc_geometry", "message": "Resolved IFC path for geometry", "data": {"projectId": "PRJ-EBEDD3C9", "path": "PRJ-EBEDD3C9_DOC-D01LMT.ifc"}, "timestamp": 1774023432432}
{"sessionId": "e3d87a", "runId": "pre-fix", "hypothesisId": "H_GEOM_LOOKUP", "location": "api/ifc_route.py:get_ifc_geometry", "message": "Resolved IFC path for geometry", "data": {"projectId": "PRJ-EBEDD3C9", "path": "PRJ-EBEDD3C9_DOC-D01LMT.ifc"}, "timestamp": 1774024317942}
{"sessionId": "e3d87a", "runId": "pre-fix", "hypothesisId": "H_GEOM_LOOKUP", "location": "api/ifc_route.py:get_ifc_geometry", "message": "Resolved IFC path for geometry", "data": {"projectId": "PRJ-7DAE4E58", "path": "PRJ-7DAE4E58_DOC-55OGJX.ifc"}, "timestamp": 1774024997897}
{"sessionId": "e3d87a", "runId": "pre-fix", "hypothesisId": "H_GEOM_LOOKUP", "location": "api/ifc_route.py:get_ifc_geometry", "message": "Resolved IFC path for geometry", "data": {"projectId": "PRJ-88EADA37", "path": "PRJ-88EADA37_DOC-6BMD74.ifc"}, "timestamp": 1774303446052}
{"sessionId": "e3d87a", "runId": "pre-fix", "hypothesisId": "H_GEOM_LOOKUP", "location": "api/ifc_route.py:get_ifc_geometry", "message": "Resolved IFC path for geometry", "data": {"projectId": "PRJ-88EADA37", "path": "PRJ-88EADA37_DOC-6BMD74.ifc"}, "timestamp": 1774304090363}
{"sessionId": "e3d87a", "runId": "pre-fix", "hypothesisId": "H_GEOM_LOOKUP", "location": "api/ifc_route.py:get_ifc_geometry", "message": "Resolved IFC path for geometry", "data": {"projectId": "PRJ-3A0BBCA7", "path": "PRJ-3A0BBCA7_DOC-J44OU4.ifc"}, "timestamp": 1774304815083}
{"sessionId": "e3d87a", "runId": "pre-fix", "hypothesisId": "H_GEOM_LOOKUP", "location": "api/ifc_route.py:get_ifc_geometry", "message": "Resolved IFC path for geometry", "data": {"projectId": "PRJ-5DE81674", "path": "PRJ-5DE81674_DOC-SY3XXC.ifc"}, "timestamp": 1774305545454}
{"sessionId": "e3d87a", "runId": "pre-fix", "hypothesisId": "H_GEOM_LOOKUP", "location": "api/ifc_route.py:get_ifc_geometry", "message": "Resolved IFC path for geometry", "data": {"projectId": "PRJ-CBAE974D", "path": "PRJ-CBAE974D_DOC-F8KV2T.ifc"}, "timestamp": 1774306183420}
{"sessionId": "e3d87a", "runId": "pre-fix", "hypothesisId": "H_GEOM_LOOKUP", "location": "api/ifc_route.py:get_ifc_geometry", "message": "Resolved IFC path for geometry", "data": {"projectId": "PRJ-D2C99ACC", "path": "PRJ-D2C99ACC_DOC-73RZH4.ifc"}, "timestamp": 1774307202575}
{"sessionId": "e3d87a", "runId": "pre-fix", "hypothesisId": "H_GEOM_LOOKUP", "location": "api/ifc_route.py:get_ifc_geometry", "message": "Resolved IFC path for geometry", "data": {"projectId": "PRJ-05A7804A", "path": "PRJ-05A7804A_DOC-G0PE32.ifc"}, "timestamp": 1774460980686}
{"sessionId": "e3d87a", "runId": "pre-fix", "hypothesisId": "H_GEOM_LOOKUP", "location": "api/ifc_route.py:get_ifc_geometry", "message": "Resolved IFC path for geometry", "data": {"projectId": "PRJ-05A7804A", "path": "PRJ-05A7804A_DOC-G0PE32.ifc"}, "timestamp": 1774462084220}
{"sessionId": "e3d87a", "runId": "pre-fix", "hypothesisId": "H_GEOM_LOOKUP", "location": "api/ifc_route.py:get_ifc_geometry", "message": "Resolved IFC path for geometry", "data": {"projectId": "PRJ-28A743E2", "path": "PRJ-28A743E2_DOC-VMZ3H5.ifc"}, "timestamp": 1774462742328}
{"sessionId": "e3d87a", "runId": "pre-fix", "hypothesisId": "H_GEOM_LOOKUP", "location": "api/ifc_route.py:get_ifc_geometry", "message": "Resolved IFC path for geometry", "data": {"projectId": "PRJ-8B634704", "path": "PRJ-8B634704_DOC-PEGQ2Q.ifc"}, "timestamp": 1774465969128}
{"sessionId": "e3d87a", "runId": "pre-fix", "hypothesisId": "H_GEOM_LOOKUP", "location": "api/ifc_route.py:get_ifc_geometry", "message": "Resolved IFC path for geometry", "data": {"projectId": "PRJ-F42C5E89", "path": "PRJ-F42C5E89_DOC-15H2YA.ifc"}, "timestamp": 1774466890483}
{"sessionId": "e3d87a", "runId": "pre-fix", "hypothesisId": "H_GEOM_LOOKUP", "location": "api/ifc_route.py:get_ifc_geometry", "message": "Resolved IFC path for geometry", "data": {"projectId": "PRJ-35235F21", "path": "PRJ-35235F21_DOC-BTI01O.ifc"}, "timestamp": 1774467756484}
{"sessionId": "e3d87a", "runId": "pre-fix", "hypothesisId": "H_GEOM_LOOKUP", "location": "api/ifc_route.py:get_ifc_geometry", "message": "Resolved IFC path for geometry", "data": {"projectId": "PRJ-C46E7EAD", "path": "PRJ-C46E7EAD_DOC-S4HQ0O.ifc"}, "timestamp": 1774566210402}
{"sessionId": "e3d87a", "runId": "pre-fix", "hypothesisId": "H_GEOM_LOOKUP", "location": "api/ifc_route.py:get_ifc_geometry", "message": "Resolved IFC path for geometry", "data": {"projectId": "PRJ-D7976948", "path": "PRJ-D7976948_DOC-1PYR1B.ifc"}, "timestamp": 1774567598689}
{"sessionId": "e3d87a", "runId": "pre-fix", "hypothesisId": "H_GEOM_LOOKUP", "location": "api/ifc_route.py:get_ifc_geometry", "message": "Resolved IFC path for geometry", "data": {"projectId": "PRJ-FB2BEC52", "path": "PRJ-FB2BEC52_DOC-HB9Y94.ifc"}, "timestamp": 1774568331365}
{"sessionId": "e3d87a", "runId": "pre-fix", "hypothesisId": "H_GEOM_LOOKUP", "location": "api/ifc_route.py:get_ifc_geometry", "message": "Resolved IFC path for geometry", "data": {"projectId": "PRJ-2019EECD", "path": "PRJ-2019EECD_DOC-PS2WJP.ifc"}, "timestamp": 1774568939313}
{"sessionId": "e3d87a", "runId": "pre-fix", "hypothesisId": "H_GEOM_LOOKUP", "location": "api/ifc_route.py:get_ifc_geometry", "message": "Resolved IFC path for geometry", "data": {"projectId": "PRJ-E417CBC0", "path": "PRJ-E417CBC0_DOC-IEQXO8.ifc"}, "timestamp": 1774569711623}
{"sessionId": "e3d87a", "runId": "pre-fix", "hypothesisId": "H_GEOM_LOOKUP", "location": "api/ifc_route.py:get_ifc_geometry", "message": "Resolved IFC path for geometry", "data": {"projectId": "PRJ-E417CBC0", "path": "PRJ-E417CBC0_DOC-IEQXO8.ifc"}, "timestamp": 1774570122868}
{"sessionId": "e3d87a", "runId": "pre-fix", "hypothesisId": "H_GEOM_LOOKUP", "location": "api/ifc_route.py:get_ifc_geometry", "message": "Resolved IFC path for geometry", "data": {"projectId": "PRJ-E417CBC0", "path": "PRJ-E417CBC0_DOC-IEQXO8.ifc"}, "timestamp": 1774570459476}
{"sessionId": "e3d87a", "runId": "pre-fix", "hypothesisId": "H_GEOM_LOOKUP", "location": "api/ifc_route.py:get_ifc_geometry", "message": "Resolved IFC path for geometry", "data": {"projectId": "PRJ-E417CBC0", "path": "PRJ-E417CBC0_DOC-IEQXO8.ifc"}, "timestamp": 1774571053525}
{"sessionId": "e3d87a", "runId": "pre-fix", "hypothesisId": "H_GEOM_LOOKUP", "location": "api/ifc_route.py:get_ifc_geometry", "message": "Resolved IFC path for geometry", "data": {"projectId": "PRJ-E417CBC0", "path": "PRJ-E417CBC0_DOC-IEQXO8.ifc"}, "timestamp": 1774571405250}
{"sessionId": "e3d87a", "runId": "pre-fix", "hypothesisId": "H_GEOM_LOOKUP", "location": "api/ifc_route.py:get_ifc_geometry", "message": "Resolved IFC path for geometry", "data": {"projectId": "PRJ-E417CBC0", "path": "PRJ-E417CBC0_DOC-IEQXO8.ifc"}, "timestamp": 1774571597376}
{"sessionId": "e3d87a", "runId": "pre-fix", "hypothesisId": "H_GEOM_LOOKUP", "location": "api/ifc_route.py:get_ifc_geometry", "message": "Resolved IFC path for geometry", "data": {"projectId": "PRJ-E417CBC0", "path": "PRJ-E417CBC0_DOC-IEQXO8.ifc"}, "timestamp": 1774624776983}
{"sessionId": "e3d87a", "runId": "pre-fix", "hypothesisId": "H_GEOM_LOOKUP", "location": "api/ifc_route.py:get_ifc_geometry", "message": "Resolved IFC path for geometry", "data": {"projectId": "PRJ-4BFB24C9", "path": "PRJ-4BFB24C9_DOC-UJBW2S.ifc"}, "timestamp": 1774625181905}
{"sessionId": "e3d87a", "runId": "pre-fix", "hypothesisId": "H_GEOM_LOOKUP", "location": "api/ifc_route.py:get_ifc_geometry", "message": "Resolved IFC path for geometry", "data": {"projectId": "PRJ-4BFB24C9", "path": "PRJ-4BFB24C9_DOC-UJBW2S.ifc"}, "timestamp": 1774626125877}
{"sessionId": "e3d87a", "runId": "pre-fix", "hypothesisId": "H_GEOM_LOOKUP", "location": "api/ifc_route.py:get_ifc_geometry", "message": "Resolved IFC path for geometry", "data": {"projectId": "PRJ-4BFB24C9", "path": "PRJ-4BFB24C9_DOC-UJBW2S.ifc"}, "timestamp": 1774626385472}
{"sessionId": "e3d87a", "runId": "pre-fix", "hypothesisId": "H_GEOM_LOOKUP", "location": "api/ifc_route.py:get_ifc_geometry", "message": "Resolved IFC path for geometry", "data": {"projectId": "PRJ-4BFB24C9", "path": "PRJ-4BFB24C9_DOC-UJBW2S.ifc"}, "timestamp": 1774626447627}
